c:\users\lenovo\source\repos\比特58班\比特58班\debug\vc142.pdb
c:\users\lenovo\source\repos\比特58班\比特58班\debug\vc142.idb
c:\users\lenovo\source\repos\比特58班\比特58班\debug\5.22.obj
c:\users\lenovo\source\repos\比特58班\比特58班\debug\5.20.obj
c:\users\lenovo\source\repos\比特58班\比特58班\debug\5.15.obj
c:\users\lenovo\source\repos\比特58班\比特58班\debug\5.10.obj
c:\users\lenovo\source\repos\比特58班\比特58班\debug\4.8.obj
c:\users\lenovo\source\repos\比特58班\比特58班\debug\4.3.obj
c:\users\lenovo\source\repos\比特58班\比特58班\debug\4.29.obj
c:\users\lenovo\source\repos\比特58班\比特58班\debug\4.26.obj
c:\users\lenovo\source\repos\比特58班\比特58班\debug\4.24.obj
c:\users\lenovo\source\repos\比特58班\比特58班\debug\4.22.obj
c:\users\lenovo\source\repos\比特58班\比特58班\debug\4.19.obj
c:\users\lenovo\source\repos\比特58班\比特58班\debug\4.17.obj
c:\users\lenovo\source\repos\比特58班\比特58班\debug\4.15.obj
c:\users\lenovo\source\repos\比特58班\比特58班\debug\4.12.obj
c:\users\lenovo\source\repos\比特58班\比特58班\debug\4.10.obj
c:\users\lenovo\source\repos\比特58班\比特58班\debug\3.31.obj
c:\users\lenovo\source\repos\比特58班\比特58班\debug\3.30.obj
c:\users\lenovo\source\repos\比特58班\比特58班\debug\3.29.obj
c:\users\lenovo\source\repos\比特58班\比特58班\debug\3.25.obj
c:\users\lenovo\source\repos\比特58班\比特58班\debug\3.27.obj
c:\users\lenovo\source\repos\比特58班\比特58班\debug\5.8.obj
c:\users\lenovo\source\repos\比特58班\比特58班\debug\5.31.obj
c:\users\lenovo\source\repos\比特58班\比特58班\debug\5.29.obj
c:\users\lenovo\source\repos\比特58班\比特58班\debug\5.27.obj
c:\users\lenovo\source\repos\比特58班\比特58班\debug\5.24.obj
c:\users\lenovo\source\repos\比特58班\比特58班\debug\6.3.obj
c:\users\lenovo\source\repos\比特58班\debug\比特58班.exe
c:\users\lenovo\source\repos\比特58班\debug\比特58班.ilk
c:\users\lenovo\source\repos\比特58班\debug\比特58班.pdb
c:\users\lenovo\source\repos\比特58班\比特58班\debug\比特58班.tlog\cl.command.1.tlog
c:\users\lenovo\source\repos\比特58班\比特58班\debug\比特58班.tlog\cl.read.1.tlog
c:\users\lenovo\source\repos\比特58班\比特58班\debug\比特58班.tlog\cl.write.1.tlog
c:\users\lenovo\source\repos\比特58班\比特58班\debug\比特58班.tlog\link.command.1.tlog
c:\users\lenovo\source\repos\比特58班\比特58班\debug\比特58班.tlog\link.read.1.tlog
c:\users\lenovo\source\repos\比特58班\比特58班\debug\比特58班.tlog\link.write.1.tlog
